<?xml version="1.0" encoding="UTF-8"?>
<!-- Generated by org.testng.reporters.JUnitReportReporter -->
<testsuite hostname="DeepikaPC" failures="0" tests="1" name="com.companyname.productname.modulename.testcases.TabAndWindows_TestNG_ConfigFiles" time="44.363" errors="0" timestamp="03 Sep 2024 23:14:09 GMT" skipped="0">
  <testcase classname="com.companyname.productname.modulename.testcases.TabAndWindows_TestNG_ConfigFiles" name="clickURLs_1" time="44.363"/>
</testsuite> <!-- com.companyname.productname.modulename.testcases.TabAndWindows_TestNG_ConfigFiles -->
